<?xml version="1.0" encoding="UTF-8"?>
<!-- Generated by org.testng.reporters.JUnitReportReporter -->
<testsuite hostname="IN01LAP00082" name="testNGPackage.DataProviderTestNG" tests="1" failures="0" timestamp="4 Feb 2018 05:08:13 GMT" time="11.364" errors="0">
  <testcase name="orangeHRMLogin" time="11.364" classname="testNGPackage.DataProviderTestNG"/>
</testsuite> <!-- testNGPackage.DataProviderTestNG -->
