<?xml version="1.0" encoding="UTF-8"?>
<!-- Generated by org.testng.reporters.JUnitReportReporter -->
<testsuite hostname="IN01LAP00082" name="testNGPackage.TestNGDemo1" tests="1" failures="0" timestamp="4 Feb 2018 05:08:13 GMT" time="0.000" errors="0">
  <testcase name="testCase3" time="0.000" classname="testNGPackage.TestNGDemo1"/>
</testsuite> <!-- testNGPackage.TestNGDemo1 -->
